{
  "stats": {
    "suites": 1,
    "tests": 2,
    "passes": 2,
    "pending": 0,
    "failures": 0,
    "start": "2024-04-22T14:36:36.189Z",
    "end": "2024-04-22T14:36:57.923Z",
    "duration": 21734,
    "testsRegistered": 2,
    "passPercent": 100,
    "pendingPercent": 0,
    "other": 0,
    "hasOther": false,
    "skipped": 0,
    "hasSkipped": false
  },
  "results": [
    {
      "uuid": "10017875-957d-4bf9-9577-3f8c117e521f",
      "title": "",
      "fullFile": "cypress/e2e/features/ornikar.feature",
      "file": "cypress/e2e/features/ornikar.feature",
      "beforeHooks": [],
      "afterHooks": [],
      "tests": [],
      "suites": [
        {
          "uuid": "01780044-f411-4faf-bd1f-80d33319b0c4",
          "title": "Landing Page Feature",
          "fullFile": "",
          "file": "",
          "beforeHooks": [],
          "afterHooks": [],
          "tests": [
            {
              "title": "User end-to-end journey until receiving a \"Devis\"",
              "fullTitle": "Landing Page Feature User end-to-end journey until receiving a \"Devis\"",
              "timedOut": null,
              "duration": 13690,
              "state": "passed",
              "speed": "slow",
              "pass": true,
              "fail": false,
              "pending": false,
              "context": null,
              "code": "const state = window.testState;\nreturn cy\n  .then(() => state.onStartScenario(scenario, indexedSteps))\n  .then(() =>\n    resolveAndRunBeforeHooks.call(this, scenario.tags, state.feature.name)\n  )\n  .then(() =>\n    indexedSteps.forEach((step) =>\n      stepTest.call(this, state, step, rowData)\n    )\n  )\n  .then(() => state.onFinishScenario(scenario));",
              "err": {},
              "uuid": "ababc0a4-d039-4be3-8072-fe235e56cb76",
              "parentUUID": "01780044-f411-4faf-bd1f-80d33319b0c4",
              "isHook": false,
              "skipped": false
            },
            {
              "title": "User end-to-end journey leave and come back",
              "fullTitle": "Landing Page Feature User end-to-end journey leave and come back",
              "timedOut": null,
              "duration": 7005,
              "state": "passed",
              "speed": "medium",
              "pass": true,
              "fail": false,
              "pending": false,
              "context": null,
              "code": "const state = window.testState;\nreturn cy\n  .then(() => state.onStartScenario(scenario, indexedSteps))\n  .then(() =>\n    resolveAndRunBeforeHooks.call(this, scenario.tags, state.feature.name)\n  )\n  .then(() =>\n    indexedSteps.forEach((step) =>\n      stepTest.call(this, state, step, rowData)\n    )\n  )\n  .then(() => state.onFinishScenario(scenario));",
              "err": {},
              "uuid": "c5197f91-fb40-44f2-ad85-a4ee95a5741b",
              "parentUUID": "01780044-f411-4faf-bd1f-80d33319b0c4",
              "isHook": false,
              "skipped": false
            }
          ],
          "suites": [],
          "passes": [
            "ababc0a4-d039-4be3-8072-fe235e56cb76",
            "c5197f91-fb40-44f2-ad85-a4ee95a5741b"
          ],
          "failures": [],
          "pending": [],
          "skipped": [],
          "duration": 20695,
          "root": false,
          "rootEmpty": false,
          "_timeout": 2000
        }
      ],
      "passes": [],
      "failures": [],
      "pending": [],
      "skipped": [],
      "duration": 0,
      "root": true,
      "rootEmpty": true,
      "_timeout": 2000
    }
  ],
  "meta": {
    "mocha": {
      "version": "7.0.1"
    },
    "mochawesome": {
      "options": {
        "quiet": false,
        "reportFilename": "my-report",
        "saveHtml": true,
        "saveJson": true,
        "consoleReporter": "spec",
        "useInlineDiffs": false,
        "code": true
      },
      "version": "7.1.3"
    },
    "marge": {
      "options": {
        "charts": true,
        "json": true,
        "reportsDir": "mochawesome-report",
        "reportFilename": "my-report",
        "overwrite": true
      },
      "version": "6.2.0"
    }
  }
}